<?xml version="1.0" encoding="UTF-8"?>
<!-- Generated by org.testng.reporters.JUnitXMLReporter -->
<testsuite ignored="0" hostname="LCE51296" failures="0" tests="7" name="Command line test" time="3.214" errors="0" timestamp="2022-07-03T16:14:36 EEST">
  <testcase classname="AlertBoxExamples.AlertBoxExamplePageTest" name="testAlertBox" time="0.084"/>
  <testcase classname="AlertBoxExamples.AlertBoxExamplePageTest" name="testConfirmBoxNegative" time="0.127"/>
  <testcase classname="AlertBoxExamples.AlertBoxExamplePageTest" name="testConfirmBoxPositive" time="0.064"/>
  <testcase classname="Calculator.CalculatorPageTest" name="sumCalculator" time="0.544"/>
  <testcase classname="Calculator.CalculatorPageTest" name="minusCalculator" time="0.349"/>
  <testcase classname="Calculator.CalculatorPageTest" name="timesCalculator" time="0.37"/>
  <testcase classname="Calculator.CalculatorPageTest" name="divideCalculator" time="0.381"/>
</testsuite> <!-- Command line test -->
