<?xml version="1.0" encoding="UTF-8"?>
<testng-results ignored="0" total="0" passed="0" failed="0" skipped="0">
  <reporter-output>
  </reporter-output>
  <suite started-at="2022-07-02T16:53:43 EEST" name="AlertBoxExamples.AlertBoxExamplePageTest" finished-at="2022-07-02T16:53:43 EEST" duration-ms="11">
    <groups>
    </groups>
    <test started-at="2022-07-02T16:53:43 EEST" name="Command line test" finished-at="2022-07-02T16:53:43 EEST" duration-ms="11">
    </test> <!-- Command line test -->
  </suite> <!-- AlertBoxExamples.AlertBoxExamplePageTest -->
</testng-results>
