<?xml version="1.0" encoding="UTF-8"?>
<testng-results ignored="0" total="7" passed="7" failed="0" skipped="0">
  <reporter-output>
  </reporter-output>
  <suite started-at="2022-07-03T16:14:33 EEST" name="Command line suite" finished-at="2022-07-03T16:14:36 EEST" duration-ms="3214">
    <groups>
    </groups>
    <test started-at="2022-07-03T16:14:33 EEST" name="Command line test" finished-at="2022-07-03T16:14:36 EEST" duration-ms="3214">
      <class name="Calculator.CalculatorPageTest">
        <test-method is-config="true" signature="setup()[pri:0, instance:Calculator.CalculatorPageTest@79b08632]" started-at="2022-07-03T16:14:33 EEST" name="setup" finished-at="2022-07-03T16:14:34 EEST" duration-ms="410" status="PASS">
          <reporter-output>
          </reporter-output>
        </test-method> <!-- setup -->
        <test-method signature="sumCalculator()[pri:0, instance:Calculator.CalculatorPageTest@79b08632]" started-at="2022-07-03T16:14:34 EEST" name="sumCalculator" finished-at="2022-07-03T16:14:34 EEST" duration-ms="544" status="PASS">
          <reporter-output>
          </reporter-output>
        </test-method> <!-- sumCalculator -->
        <test-method signature="minusCalculator()[pri:1, instance:Calculator.CalculatorPageTest@79b08632]" started-at="2022-07-03T16:14:34 EEST" name="minusCalculator" finished-at="2022-07-03T16:14:35 EEST" duration-ms="349" status="PASS">
          <reporter-output>
          </reporter-output>
        </test-method> <!-- minusCalculator -->
        <test-method signature="timesCalculator()[pri:2, instance:Calculator.CalculatorPageTest@79b08632]" started-at="2022-07-03T16:14:35 EEST" name="timesCalculator" finished-at="2022-07-03T16:14:35 EEST" duration-ms="370" status="PASS">
          <reporter-output>
          </reporter-output>
        </test-method> <!-- timesCalculator -->
        <test-method signature="divideCalculator()[pri:3, instance:Calculator.CalculatorPageTest@79b08632]" started-at="2022-07-03T16:14:35 EEST" name="divideCalculator" finished-at="2022-07-03T16:14:35 EEST" duration-ms="381" status="PASS">
          <reporter-output>
          </reporter-output>
        </test-method> <!-- divideCalculator -->
        <test-method is-config="true" signature="afterTest()[pri:0, instance:Calculator.CalculatorPageTest@79b08632]" started-at="2022-07-03T16:14:36 EEST" name="afterTest" finished-at="2022-07-03T16:14:36 EEST" duration-ms="215" status="PASS">
          <reporter-output>
          </reporter-output>
        </test-method> <!-- afterTest -->
      </class> <!-- Calculator.CalculatorPageTest -->
      <class name="AlertBoxExamples.AlertBoxExamplePageTest">
        <test-method is-config="true" signature="setup()[pri:0, instance:AlertBoxExamples.AlertBoxExamplePageTest@6136998b]" started-at="2022-07-03T16:14:33 EEST" name="setup" finished-at="2022-07-03T16:14:33 EEST" duration-ms="441" status="PASS">
          <reporter-output>
          </reporter-output>
        </test-method> <!-- setup -->
        <test-method signature="testAlertBox()[pri:0, instance:AlertBoxExamples.AlertBoxExamplePageTest@6136998b]" started-at="2022-07-03T16:14:34 EEST" name="testAlertBox" finished-at="2022-07-03T16:14:34 EEST" duration-ms="84" status="PASS">
          <reporter-output>
          </reporter-output>
        </test-method> <!-- testAlertBox -->
        <test-method signature="testConfirmBoxNegative()[pri:0, instance:AlertBoxExamples.AlertBoxExamplePageTest@6136998b]" started-at="2022-07-03T16:14:34 EEST" name="testConfirmBoxNegative" finished-at="2022-07-03T16:14:34 EEST" duration-ms="127" status="PASS">
          <reporter-output>
          </reporter-output>
        </test-method> <!-- testConfirmBoxNegative -->
        <test-method signature="testConfirmBoxPositive()[pri:0, instance:AlertBoxExamples.AlertBoxExamplePageTest@6136998b]" started-at="2022-07-03T16:14:34 EEST" name="testConfirmBoxPositive" finished-at="2022-07-03T16:14:34 EEST" duration-ms="64" status="PASS">
          <reporter-output>
          </reporter-output>
        </test-method> <!-- testConfirmBoxPositive -->
        <test-method is-config="true" signature="afterTest()[pri:0, instance:AlertBoxExamples.AlertBoxExamplePageTest@6136998b]" started-at="2022-07-03T16:14:36 EEST" name="afterTest" finished-at="2022-07-03T16:14:36 EEST" duration-ms="193" status="PASS">
          <reporter-output>
          </reporter-output>
        </test-method> <!-- afterTest -->
      </class> <!-- AlertBoxExamples.AlertBoxExamplePageTest -->
    </test> <!-- Command line test -->
  </suite> <!-- Command line suite -->
</testng-results>
