<?xml version="1.0" encoding="UTF-8" ?>
<testsuite tests="7" failures="0" name="TestSuite" time="1.922" errors="0" skipped="0">
  <properties>
[...]
</properties>
  <testcase classname="AlertBoxExamples.AlertBoxExamplePageTest" name="testAlertBox" time="0.087"/>
  <testcase classname="AlertBoxExamples.AlertBoxExamplePageTest" name="testConfirmBoxNegative" time="0.127"/>
  <testcase classname="AlertBoxExamples.AlertBoxExamplePageTest" name="testConfirmBoxPositive" time="0.064"/>
  <testcase classname="Calculator.CalculatorPageTest" name="sumCalculator" time="0.544"/>
  <testcase classname="Calculator.CalculatorPageTest" name="minusCalculator" time="0.349"/>
  <testcase classname="Calculator.CalculatorPageTest" name="timesCalculator" time="0.37"/>
  <testcase classname="Calculator.CalculatorPageTest" name="divideCalculator" time="0.381"/>
</testsuite>